Added Component: Designator=1(HDR2.54-LI-2x3P)
Added Component: Designator=2(HDR2.54-LI-2x3P)
Added Component: Designator=AS1(HDR2.54-WI-6P)
Added Component: Designator=CH1(HDR2.54-LI-4P)
Added Component: Designator=CH2(HDR2.54-LI-4P)
Added Component: Designator=CN1(MX 1.25-WI-9P)
Added Component: Designator=CN2(MX 1.25-WI-9P)
Added Component: Designator=J1(HDR2.54-WI-2P)
Added Component: Designator=LS1(BEEP 6.5x12x6)
Added Component: Designator=PWM1(HDR2.54-WI-3P)
Added Component: Designator=PWM2(HDR2.54-WI-3P)
Added Component: Designator=Q1(TO92A)
Added Component: Designator=U1(PCBComponent_1 - duplicate)
Added Component: Designator=U2(HDR2.54-M-LI-20P)
Added Component: Designator=U3(HDR2.54-M-LI-20P)
Added Component: Designator=U4(SRD-C_B)
Added Component: Designator=U5(SS-12D10)
Added Component: Designator=U6(0.96_OLED)
Added Component: Designator=U7(SS-12D10)
Added Component: Designator=USB1(USB-C-SMD_10P-P1.00-L6.8-W8.9)
Added Pin To Net: NetName=5V Pin=2-1
Added Pin To Net: NetName=5V Pin=2-3
Added Pin To Net: NetName=5V Pin=2-5
Added Pin To Net: NetName=5V Pin=J1-1
Added Pin To Net: NetName=5V Pin=PWM1-2
Added Pin To Net: NetName=5V Pin=PWM2-2
Added Pin To Net: NetName=5V Pin=U1-18
Added Pin To Net: NetName=5V Pin=U2-18
Added Net: Name=5V
Added Pin To Net: NetName=GND Pin=1-2
Added Pin To Net: NetName=GND Pin=1-4
Added Pin To Net: NetName=GND Pin=1-6
Added Pin To Net: NetName=GND Pin=2-2
Added Pin To Net: NetName=GND Pin=2-4
Added Pin To Net: NetName=GND Pin=2-6
Added Pin To Net: NetName=GND Pin=AS1-4
Added Pin To Net: NetName=GND Pin=CH1-4
Added Pin To Net: NetName=GND Pin=CH2-4
Added Pin To Net: NetName=GND Pin=CN1-2
Added Pin To Net: NetName=GND Pin=CN2-1
Added Pin To Net: NetName=GND Pin=J1-2
Added Pin To Net: NetName=GND Pin=PWM1-1
Added Pin To Net: NetName=GND Pin=PWM2-1
Added Pin To Net: NetName=GND Pin=Q1-1
Added Pin To Net: NetName=GND Pin=U1-19
Added Pin To Net: NetName=GND Pin=U1-39
Added Pin To Net: NetName=GND Pin=U1-40
Added Pin To Net: NetName=GND Pin=U2-19
Added Pin To Net: NetName=GND Pin=U3-1
Added Pin To Net: NetName=GND Pin=U3-2
Added Pin To Net: NetName=GND Pin=U6-1
Added Net: Name=GND
Added Pin To Net: NetName=NetLS1_2 Pin=LS1-2
Added Pin To Net: NetName=NetLS1_2 Pin=U7-2
Added Net: Name=NetLS1_2
Added Pin To Net: NetName=NetQ1_3 Pin=Q1-3
Added Pin To Net: NetName=NetQ1_3 Pin=U4-5
Added Net: Name=NetQ1_3
Added Pin To Net: NetName=NetU1_1 Pin=U1-1
Added Pin To Net: NetName=NetU1_1 Pin=U2-1
Added Net: Name=NetU1_1
Added Pin To Net: NetName=NetU1_2 Pin=U1-2
Added Pin To Net: NetName=NetU1_2 Pin=U2-2
Added Net: Name=NetU1_2
Added Pin To Net: NetName=NetU1_3 Pin=U1-3
Added Pin To Net: NetName=NetU1_3 Pin=U2-3
Added Net: Name=NetU1_3
Added Pin To Net: NetName=NetU1_4 Pin=U1-4
Added Pin To Net: NetName=NetU1_4 Pin=U2-4
Added Net: Name=NetU1_4
Added Pin To Net: NetName=NetU1_5 Pin=U1-5
Added Pin To Net: NetName=NetU1_5 Pin=U2-5
Added Net: Name=NetU1_5
Added Pin To Net: NetName=NetU1_8 Pin=U1-8
Added Pin To Net: NetName=NetU1_8 Pin=U2-8
Added Net: Name=NetU1_8
Added Pin To Net: NetName=NetU1_9 Pin=U1-9
Added Pin To Net: NetName=NetU1_9 Pin=U2-9
Added Net: Name=NetU1_9
Added Pin To Net: NetName=NetU1_10 Pin=U1-10
Added Pin To Net: NetName=NetU1_10 Pin=U2-10
Added Net: Name=NetU1_10
Added Pin To Net: NetName=NetU1_11 Pin=U1-11
Added Pin To Net: NetName=NetU1_11 Pin=U2-11
Added Net: Name=NetU1_11
Added Pin To Net: NetName=NetU1_21 Pin=U1-21
Added Pin To Net: NetName=NetU1_21 Pin=U3-20
Added Net: Name=NetU1_21
Added Pin To Net: NetName=NetU1_22 Pin=U1-22
Added Pin To Net: NetName=NetU1_22 Pin=U3-19
Added Net: Name=NetU1_22
Added Pin To Net: NetName=NetU1_23 Pin=U1-23
Added Pin To Net: NetName=NetU1_23 Pin=U3-18
Added Net: Name=NetU1_23
Added Pin To Net: NetName=NetU1_24 Pin=U1-24
Added Pin To Net: NetName=NetU1_24 Pin=U3-17
Added Net: Name=NetU1_24
Added Pin To Net: NetName=NetU1_25 Pin=U1-25
Added Pin To Net: NetName=NetU1_25 Pin=U3-16
Added Net: Name=NetU1_25
Added Pin To Net: NetName=NetU1_33 Pin=U1-33
Added Pin To Net: NetName=NetU1_33 Pin=U3-8
Added Net: Name=NetU1_33
Added Pin To Net: NetName=NetU1_34 Pin=U1-34
Added Pin To Net: NetName=NetU1_34 Pin=U3-7
Added Net: Name=NetU1_34
Added Pin To Net: NetName=NetU1_35 Pin=U1-35
Added Pin To Net: NetName=NetU1_35 Pin=U3-6
Added Net: Name=NetU1_35
Added Pin To Net: NetName=NetU1_36 Pin=U1-36
Added Pin To Net: NetName=NetU1_36 Pin=U3-5
Added Net: Name=NetU1_36
Added Pin To Net: NetName=NetU1_37 Pin=U1-37
Added Pin To Net: NetName=NetU1_37 Pin=U3-4
Added Net: Name=NetU1_37
Added Pin To Net: NetName=NetU4_4 Pin=U4-4
Added Pin To Net: NetName=NetU4_4 Pin=U5-1
Added Net: Name=NetU4_4
Added Pin To Net: NetName=PA1 Pin=AS1-5
Added Pin To Net: NetName=PA1 Pin=CN1-5
Added Pin To Net: NetName=PA1 Pin=CN2-5
Added Pin To Net: NetName=PA1 Pin=U1-26
Added Pin To Net: NetName=PA1 Pin=U3-15
Added Net: Name=PA1
Added Pin To Net: NetName=PA2 Pin=AS1-3
Added Pin To Net: NetName=PA2 Pin=CH2-2
Added Pin To Net: NetName=PA2 Pin=CN1-4
Added Pin To Net: NetName=PA2 Pin=CN2-4
Added Pin To Net: NetName=PA2 Pin=U1-27
Added Pin To Net: NetName=PA2 Pin=U3-14
Added Net: Name=PA2
Added Pin To Net: NetName=PA3 Pin=AS1-2
Added Pin To Net: NetName=PA3 Pin=CH2-3
Added Pin To Net: NetName=PA3 Pin=CN1-3
Added Pin To Net: NetName=PA3 Pin=CN2-3
Added Pin To Net: NetName=PA3 Pin=U1-28
Added Pin To Net: NetName=PA3 Pin=U3-13
Added Net: Name=PA3
Added Pin To Net: NetName=PA4 Pin=CN1-7
Added Pin To Net: NetName=PA4 Pin=CN2-7
Added Pin To Net: NetName=PA4 Pin=U1-29
Added Pin To Net: NetName=PA4 Pin=U3-12
Added Pin To Net: NetName=PA4 Pin=U7-3
Added Net: Name=PA4
Added Pin To Net: NetName=PA5 Pin=CN1-9
Added Pin To Net: NetName=PA5 Pin=CN2-9
Added Pin To Net: NetName=PA5 Pin=U1-30
Added Pin To Net: NetName=PA5 Pin=U3-11
Added Pin To Net: NetName=PA5 Pin=U6-3
Added Net: Name=PA5
Added Pin To Net: NetName=PA6 Pin=Q1-2
Added Pin To Net: NetName=PA6 Pin=U1-31
Added Pin To Net: NetName=PA6 Pin=U3-10
Added Net: Name=PA6
Added Pin To Net: NetName=PA7 Pin=CN1-8
Added Pin To Net: NetName=PA7 Pin=CN2-8
Added Pin To Net: NetName=PA7 Pin=U1-32
Added Pin To Net: NetName=PA7 Pin=U3-9
Added Pin To Net: NetName=PA7 Pin=U6-4
Added Net: Name=PA7
Added Pin To Net: NetName=PB4 Pin=U1-12
Added Pin To Net: NetName=PB4 Pin=U2-12
Added Net: Name=PB4
Added Pin To Net: NetName=PB5 Pin=PWM1-3
Added Pin To Net: NetName=PB5 Pin=PWM2-3
Added Pin To Net: NetName=PB5 Pin=U1-13
Added Pin To Net: NetName=PB5 Pin=U2-13
Added Net: Name=PB5
Added Pin To Net: NetName=PB6 Pin=U1-14
Added Pin To Net: NetName=PB6 Pin=U2-14
Added Net: Name=PB6
Added Pin To Net: NetName=PB7 Pin=U1-15
Added Pin To Net: NetName=PB7 Pin=U2-15
Added Net: Name=PB7
Added Pin To Net: NetName=PB8 Pin=U1-16
Added Pin To Net: NetName=PB8 Pin=U2-16
Added Net: Name=PB8
Added Pin To Net: NetName=PB9 Pin=U1-17
Added Pin To Net: NetName=PB9 Pin=U2-17
Added Net: Name=PB9
Added Pin To Net: NetName=RXD Pin=CH1-2
Added Pin To Net: NetName=RXD Pin=U1-6
Added Pin To Net: NetName=RXD Pin=U2-6
Added Net: Name=RXD
Added Pin To Net: NetName=TXD Pin=CH1-3
Added Pin To Net: NetName=TXD Pin=U1-7
Added Pin To Net: NetName=TXD Pin=U2-7
Added Net: Name=TXD
Added Pin To Net: NetName=VCCKZ Pin=AS1-1
Added Pin To Net: NetName=VCCKZ Pin=CN1-6
Added Pin To Net: NetName=VCCKZ Pin=CN2-6
Added Pin To Net: NetName=VCCKZ Pin=U5-2
Added Net: Name=VCCKZ
Added Pin To Net: NetName=VCC Pin=1-1
Added Pin To Net: NetName=VCC Pin=1-3
Added Pin To Net: NetName=VCC Pin=1-5
Added Pin To Net: NetName=VCC Pin=AS1-6
Added Pin To Net: NetName=VCC Pin=CH1-1
Added Pin To Net: NetName=VCC Pin=CH2-1
Added Pin To Net: NetName=VCC Pin=CN1-1
Added Pin To Net: NetName=VCC Pin=CN2-2
Added Pin To Net: NetName=VCC Pin=LS1-1
Added Pin To Net: NetName=VCC Pin=U1-20
Added Pin To Net: NetName=VCC Pin=U1-38
Added Pin To Net: NetName=VCC Pin=U2-20
Added Pin To Net: NetName=VCC Pin=U3-3
Added Pin To Net: NetName=VCC Pin=U4-2
Added Pin To Net: NetName=VCC Pin=U4-3
Added Pin To Net: NetName=VCC Pin=U5-3
Added Pin To Net: NetName=VCC Pin=U6-2
Added Pin To Net: NetName=VCC Pin=U7-1
Added Net: Name=VCC
Added Class: Name=U_主控
Added Class: Name=U_控制
Added Room: Name=U_主控
Added Room: Name=U_控制
