Removed Pin From Net: NetName=VCC Pin=CN1-1
Removed Pin From Net: NetName=GND Pin=CN1-2
Removed Pin From Net: NetName=PA3 Pin=CN1-3
Removed Pin From Net: NetName=PA2 Pin=CN1-4
Removed Pin From Net: NetName=PA1 Pin=CN1-5
Removed Pin From Net: NetName=VCCKZ Pin=CN1-6
Removed Pin From Net: NetName=PA4 Pin=CN1-7
Removed Pin From Net: NetName=PA7 Pin=CN1-8
Removed Pin From Net: NetName=PA5 Pin=CN1-9
Removed Pin From Net: NetName=VCC Pin=CN2-1
Removed Pin From Net: NetName=GND Pin=CN2-2
Removed Pin From Net: NetName=PA3 Pin=CN2-3
Removed Pin From Net: NetName=PA2 Pin=CN2-4
Removed Pin From Net: NetName=PA1 Pin=CN2-5
Removed Pin From Net: NetName=VCCKZ Pin=CN2-6
Removed Pin From Net: NetName=PA4 Pin=CN2-7
Removed Pin From Net: NetName=PA7 Pin=CN2-8
Removed Pin From Net: NetName=PA5 Pin=CN2-9
Removed Pin From Net: NetName=PA4 Pin=LS1-2
Removed Pin From Net: NetName=GND Pin=USB1-1
Removed Pin From Net: NetName=5V Pin=USB1-2
Removed Pin From Net: NetName=5V Pin=USB1-5
Removed Pin From Net: NetName=GND Pin=USB1-6
Removed Member From Class: ClassName=U_主控 Member=CN1
Removed Member From Class: ClassName=U_控制 Member=CN2
Change Component Footprint: Designator=U7 Old Footprint=SS12D00G3 New Footprint=SS-12D10
Change Component Designator: OldDesignator=3.3V NewDesignator=1
Change Component Designator: OldDesignator=5V NewDesignator=2
Change Component Designator: OldDesignator=AS608 NewDesignator=CH2
Change Component Designator: OldDesignator=CH340 NewDesignator=CH1
Added Component: Designator=JP1(MX 1.25-WI-10P)
Added Component: Designator=JP2(MX 1.25-WI-10P)
Added Pin To Net: NetName=VCC Pin=JP1-1
Added Pin To Net: NetName=GND Pin=JP1-2
Added Pin To Net: NetName=PA3 Pin=JP1-3
Added Pin To Net: NetName=PA2 Pin=JP1-4
Added Pin To Net: NetName=PA1 Pin=JP1-5
Added Pin To Net: NetName=VCCKZ Pin=JP1-6
Added Pin To Net: NetName=PA4 Pin=JP1-7
Added Pin To Net: NetName=PA7 Pin=JP1-8
Added Pin To Net: NetName=PA5 Pin=JP1-9
Added Pin To Net: NetName=5V Pin=JP1-10
Added Pin To Net: NetName=VCC Pin=JP2-1
Added Pin To Net: NetName=GND Pin=JP2-2
Added Pin To Net: NetName=PA3 Pin=JP2-3
Added Pin To Net: NetName=PA2 Pin=JP2-4
Added Pin To Net: NetName=PA1 Pin=JP2-5
Added Pin To Net: NetName=VCCKZ Pin=JP2-6
Added Pin To Net: NetName=PA4 Pin=JP2-7
Added Pin To Net: NetName=PA7 Pin=JP2-8
Added Pin To Net: NetName=PA5 Pin=JP2-9
Added Pin To Net: NetName=NetLS1_2 Pin=LS1-2
Added Pin To Net: NetName=NetJP2_10 Pin=JP2-10
Added Net: Name=NetJP2_10
Added Net: Name=NetUSB1_A9
Added Member To Class: ClassName=U_主控 Member=Component JP1 HDR-1X10
Added Member To Class: ClassName=U_控制 Member=Component JP2 HDR-1X10
Added Room: Name=U_主控
Added Room: Name=U_控制
